Arguments: 
  C:\Program Files\nodejs\node.exe C:\Users\andre\AppData\Roaming\npm\node_modules\yarn\bin\yarn.js init

PATH: 
  C:\Users\andre\bin;C:\Program Files\Git\mingw64\bin;C:\Program Files\Git\usr\local\bin;C:\Program Files\Git\usr\bin;C:\Program Files\Git\usr\bin;C:\Program Files\Git\mingw64\bin;C:\Program Files\Git\usr\bin;C:\Users\andre\bin;C:\Windows\system32;C:\Windows;C:\Windows\System32\Wbem;C:\Windows\System32\WindowsPowerShell\v1.0;C:\Windows\System32\OpenSSH;C:\Program Files\nodejs;C:\wamp64\bin\php\php7.3.21;C:\ProgramData\ComposerSetup\bin;C:\Program Files\Git\cmd;C:\Program Files\PuTTY;C:\Users\andre\AppData\Local\Microsoft\WindowsApps;C:\Users\andre\AppData\Roaming\npm;C:\Users\andre\AppData\Local\Programs\Microsoft VS Code\bin;C:\Users\andre\AppData\Roaming\Composer\vendor\bin;C:\Program Files\Git\usr\bin\vendor_perl;C:\Program Files\Git\usr\bin\core_perl

Yarn version: 
  1.22.10

Node version: 
  14.17.0

Platform: 
  win32 x64

Trace: 
  Error: canceled
      at Interface.<anonymous> (C:\Users\andre\AppData\Roaming\npm\node_modules\yarn\lib\cli.js:136216:13)
      at Interface.emit (events.js:376:20)
      at Interface._ttyWrite (readline.js:880:16)
      at ReadStream.onkeypress (readline.js:213:10)
      at ReadStream.emit (events.js:376:20)
      at emitKeys (internal/readline/utils.js:345:14)
      at emitKeys.next (<anonymous>)
      at ReadStream.onData (readline.js:1149:36)
      at ReadStream.emit (events.js:376:20)
      at addChunk (internal/streams/readable.js:309:12)

npm manifest: 
  {
    "name": "01-github-explorer",
    "version": "1.0.0",
    "main": "index.js",
    "license": "MIT",
    "scripts": {
      "dev": "webpack serve",
      "build": "cross-env NODE_ENV=production webpack",
      "test": "jest --watchAll"
    },
    "dependencies": {
      "react": "^17.0.1",
      "react-dom": "^17.0.1",
      "react-icons": "^4.2.0"
    },
    "devDependencies": {
      "@babel/cli": "^7.12.10",
      "@babel/core": "^7.12.10",
      "@babel/preset-env": "^7.12.11",
      "@babel/preset-react": "^7.12.10",
      "@babel/preset-typescript": "^7.12.7",
      "@pmmmwh/react-refresh-webpack-plugin": "^0.4.3",
      "@testing-library/jest-dom": "^5.11.9",
      "@testing-library/react": "^11.2.5",
      "@types/react-dom": "^17.0.0",
      "babel-loader": "^8.2.2",
      "babel-preset-react-app": "^10.0.0",
      "cross-env": "^7.0.3",
      "css-loader": "^5.0.1",
      "html-webpack-plugin": "^4.5.1",
      "identity-obj-proxy": "^3.0.0",
      "jest": "^26.6.3",
      "node-sass": "^5.0.0",
      "react-app-polyfill": "^2.0.0",
      "react-refresh": "^0.9.0",
      "sass-loader": "^10.1.1",
      "style-loader": "^2.0.0",
      "ts-node": "^9.1.1",
      "typescript": "^4.1.3",
      "webpack": "^5.17.0",
      "webpack-cli": "^4.4.0",
      "webpack-dev-server": "^3.11.2"
    }
  }

yarn manifest: 
  No manifest

Lockfile: 
  No lockfile
